<?xml version="1.0" encoding="UTF-8"?>
<testsuite name="com.intellijoe.services.mySpring.web.HelloControllerTest" tests="2" skipped="0" failures="0" errors="0" timestamp="2023-03-28T08:47:23" hostname="jeongseung-guui-MacBookAir.local" time="0.07">
  <properties/>
  <testcase name="hello가_리턴된다()" classname="com.intellijoe.services.mySpring.web.HelloControllerTest" time="0.031"/>
  <testcase name="helloDto가_리턴된다()" classname="com.intellijoe.services.mySpring.web.HelloControllerTest" time="0.038"/>
  <system-out><![CDATA[2023-03-28T17:47:22.976+09:00  INFO 44606 --- [    Test worker] t.c.s.AnnotationConfigContextLoaderUtils : Could not detect default configuration classes for test class [com.intellijoe.services.mySpring.web.HelloControllerTest]: HelloControllerTest does not declare any static, non-private, non-final, nested classes annotated with @Configuration.
2023-03-28T17:47:22.980+09:00  INFO 44606 --- [    Test worker] .b.t.c.SpringBootTestContextBootstrapper : Found @SpringBootConfiguration com.intellijoe.services.mySpring.Application for test class com.intellijoe.services.mySpring.web.HelloControllerTest

  .   ____          _            __ _ _
 /\\ / ___'_ __ _ _(_)_ __  __ _ \ \ \ \
( ( )\___ | '_ | '_| | '_ \/ _` | \ \ \ \
 \\/  ___)| |_)| | | | | || (_| |  ) ) ) )
  '  |____| .__|_| |_|_| |_\__, | / / / /
 =========|_|==============|___/=/_/_/_/
 :: Spring Boot ::                (v3.0.4)

2023-03-28T17:47:22.991+09:00  INFO 44606 --- [    Test worker] c.i.s.mySpring.web.HelloControllerTest   : Starting HelloControllerTest using Java 17.0.2 with PID 44606 (started by jeongseung-gu in /Users/jeongseung-gu/intelliJoe/spring/2023/mySpring)
2023-03-28T17:47:22.991+09:00  INFO 44606 --- [    Test worker] c.i.s.mySpring.web.HelloControllerTest   : The following 1 profile is active: "oauth"
2023-03-28T17:47:23.075+09:00  INFO 44606 --- [    Test worker] o.s.b.a.w.s.WelcomePageHandlerMapping    : Adding welcome page template: index
2023-03-28T17:47:23.093+09:00  INFO 44606 --- [    Test worker] o.s.s.web.DefaultSecurityFilterChain     : Will secure any request with [org.springframework.security.web.session.DisableEncodeUrlFilter@66fd9613, org.springframework.security.web.context.request.async.WebAsyncManagerIntegrationFilter@5c3f9618, org.springframework.security.web.context.SecurityContextHolderFilter@4eb0ed44, org.springframework.security.web.header.HeaderWriterFilter@4c3c1963, org.springframework.security.web.csrf.CsrfFilter@202ed88d, org.springframework.security.web.authentication.logout.LogoutFilter@7f129873, org.springframework.security.oauth2.client.web.OAuth2AuthorizationRequestRedirectFilter@3b75fdd0, org.springframework.security.oauth2.client.web.OAuth2AuthorizationRequestRedirectFilter@3c7e7ffd, org.springframework.security.oauth2.client.web.OAuth2LoginAuthenticationFilter@504f2bcd, org.springframework.security.web.authentication.ui.DefaultLoginPageGeneratingFilter@4b05a9b1, org.springframework.security.web.authentication.ui.DefaultLogoutPageGeneratingFilter@deb0c0e, org.springframework.security.web.savedrequest.RequestCacheAwareFilter@188caeaf, org.springframework.security.web.servletapi.SecurityContextHolderAwareRequestFilter@67de5328, org.springframework.security.web.authentication.AnonymousAuthenticationFilter@6385b07d, org.springframework.security.oauth2.client.web.OAuth2AuthorizationCodeGrantFilter@372b2573, org.springframework.security.web.access.ExceptionTranslationFilter@40f7fb45, org.springframework.security.web.access.intercept.AuthorizationFilter@ceeb762]
2023-03-28T17:47:23.109+09:00  INFO 44606 --- [    Test worker] o.s.b.t.m.w.SpringBootMockServletContext : Initializing Spring TestDispatcherServlet ''
2023-03-28T17:47:23.109+09:00  INFO 44606 --- [    Test worker] o.s.t.web.servlet.TestDispatcherServlet  : Initializing Servlet ''
2023-03-28T17:47:23.109+09:00  INFO 44606 --- [    Test worker] o.s.t.web.servlet.TestDispatcherServlet  : Completed initialization in 0 ms
2023-03-28T17:47:23.112+09:00  INFO 44606 --- [    Test worker] c.i.s.mySpring.web.HelloControllerTest   : Started HelloControllerTest in 0.13 seconds (process running for 2.739)
]]></system-out>
  <system-err><![CDATA[]]></system-err>
</testsuite>
