<?xml version="1.0" encoding="UTF-8"?>
<testsuite name="com.intellijoe.services.mySpring.web.HomeControllerTest" tests="2" skipped="0" failures="0" errors="0" timestamp="2023-03-10T11:25:39" hostname="jeongseung-guui-MacBookAir.local" time="0.217">
  <properties/>
  <testcase name="hello가_리턴된다()" classname="com.intellijoe.services.mySpring.web.HomeControllerTest" time="0.182"/>
  <testcase name="helloDto가_리턴된다()" classname="com.intellijoe.services.mySpring.web.HomeControllerTest" time="0.034"/>
  <system-out><![CDATA[20:25:38.669 [Test worker] DEBUG org.springframework.boot.test.autoconfigure.web.servlet.WebMvcTestContextBootstrapper - Neither @ContextConfiguration nor @ContextHierarchy found for test class [HomeControllerTest]: using SpringBootContextLoader
20:25:38.671 [Test worker] DEBUG org.springframework.test.context.support.AbstractContextLoader - Could not detect default resource locations for test class [com.intellijoe.services.mySpring.web.HomeControllerTest]: no resource found for suffixes {-context.xml, Context.groovy}.
20:25:38.672 [Test worker] INFO org.springframework.test.context.support.AnnotationConfigContextLoaderUtils - Could not detect default configuration classes for test class [com.intellijoe.services.mySpring.web.HomeControllerTest]: HomeControllerTest does not declare any static, non-private, non-final, nested classes annotated with @Configuration.
20:25:38.691 [Test worker] DEBUG org.springframework.boot.test.autoconfigure.web.servlet.WebMvcTestContextBootstrapper - Using ContextCustomizers for test class [HomeControllerTest]: [DisableAutoConfigurationContextCustomizer, DisableObservabilityContextCustomizer, TypeExcludeFiltersContextCustomizer, PropertyMappingContextCustomizer, Customizer, ImportsContextCustomizer, ExcludeFilterContextCustomizer, DuplicateJsonObjectContextCustomizer, MockitoContextCustomizer]
20:25:38.724 [Test worker] DEBUG org.springframework.context.annotation.ClassPathScanningCandidateComponentProvider - Identified candidate component class: file [/Users/jeongseung-gu/intelliJoe/spring/2023/mySpring/build/classes/java/main/com/intellijoe/services/mySpring/Application.class]
20:25:38.725 [Test worker] INFO org.springframework.boot.test.context.SpringBootTestContextBootstrapper - Found @SpringBootConfiguration com.intellijoe.services.mySpring.Application for test class com.intellijoe.services.mySpring.web.HomeControllerTest
20:25:38.730 [Test worker] DEBUG org.springframework.test.context.util.TestContextSpringFactoriesUtils - Skipping candidate TestExecutionListener [org.springframework.test.context.transaction.TransactionalTestExecutionListener] due to a missing dependency. Specify custom TestExecutionListener classes or make the default TestExecutionListener classes and their required dependencies available. Offending class: [org/springframework/transaction/interceptor/TransactionAttributeSource]
20:25:38.731 [Test worker] DEBUG org.springframework.test.context.util.TestContextSpringFactoriesUtils - Skipping candidate TestExecutionListener [org.springframework.test.context.jdbc.SqlScriptsTestExecutionListener] due to a missing dependency. Specify custom TestExecutionListener classes or make the default TestExecutionListener classes and their required dependencies available. Offending class: [org/springframework/transaction/interceptor/TransactionAttribute]
20:25:38.732 [Test worker] DEBUG org.springframework.boot.test.autoconfigure.web.servlet.WebMvcTestContextBootstrapper - Using TestExecutionListeners for test class [HomeControllerTest]: [ServletTestExecutionListener, DirtiesContextBeforeModesTestExecutionListener, ApplicationEventsTestExecutionListener, MockitoTestExecutionListener, DependencyInjectionTestExecutionListener, DirtiesContextTestExecutionListener, EventPublishingTestExecutionListener, RestDocsTestExecutionListener, MockRestServiceServerResetTestExecutionListener, MockMvcPrintOnlyOnFailureTestExecutionListener, WebDriverTestExecutionListener, MockWebServiceServerTestExecutionListener, ResetMocksTestExecutionListener]
20:25:38.732 [Test worker] DEBUG org.springframework.test.context.support.AbstractDirtiesContextTestExecutionListener - Before test class: class [HomeControllerTest], class annotated with @DirtiesContext [false] with mode [null]
20:25:38.736 [Test worker] DEBUG org.springframework.test.context.support.DependencyInjectionTestExecutionListener - Performing dependency injection for test class com.intellijoe.services.mySpring.web.HomeControllerTest

  .   ____          _            __ _ _
 /\\ / ___'_ __ _ _(_)_ __  __ _ \ \ \ \
( ( )\___ | '_ | '_| | '_ \/ _` | \ \ \ \
 \\/  ___)| |_)| | | | | || (_| |  ) ) ) )
  '  |____| .__|_| |_|_| |_\__, | / / / /
 =========|_|==============|___/=/_/_/_/
 :: Spring Boot ::                (v3.0.4)

2023-03-10T20:25:38.866+09:00  INFO 27999 --- [    Test worker] c.i.s.mySpring.web.HomeControllerTest    : Starting HomeControllerTest using Java 17.0.2 with PID 27999 (started by jeongseung-gu in /Users/jeongseung-gu/intelliJoe/spring/2023/mySpring)
2023-03-10T20:25:38.867+09:00  INFO 27999 --- [    Test worker] c.i.s.mySpring.web.HomeControllerTest    : No active profile set, falling back to 1 default profile: "default"
2023-03-10T20:25:39.184+09:00  INFO 27999 --- [    Test worker] o.s.b.t.m.w.SpringBootMockServletContext : Initializing Spring TestDispatcherServlet ''
2023-03-10T20:25:39.185+09:00  INFO 27999 --- [    Test worker] o.s.t.web.servlet.TestDispatcherServlet  : Initializing Servlet ''
2023-03-10T20:25:39.186+09:00  INFO 27999 --- [    Test worker] o.s.t.web.servlet.TestDispatcherServlet  : Completed initialization in 0 ms
2023-03-10T20:25:39.197+09:00  INFO 27999 --- [    Test worker] c.i.s.mySpring.web.HomeControllerTest    : Started HomeControllerTest in 0.445 seconds (process running for 0.891)
]]></system-out>
  <system-err><![CDATA[]]></system-err>
</testsuite>
