<?xml version="1.0" encoding="UTF-8"?>
<testsuite name="com.intellijoe.services.mySpring.web.HelloControllerTest" tests="2" skipped="0" failures="0" errors="0" timestamp="2023-03-30T03:02:49" hostname="jeongseung-guui-MacBookAir.local" time="0.067">
  <properties/>
  <testcase name="hello가_리턴된다()" classname="com.intellijoe.services.mySpring.web.HelloControllerTest" time="0.028"/>
  <testcase name="helloDto가_리턴된다()" classname="com.intellijoe.services.mySpring.web.HelloControllerTest" time="0.038"/>
  <system-out><![CDATA[2023-03-30T12:02:49.277+09:00  INFO 51745 --- [    Test worker] t.c.s.AnnotationConfigContextLoaderUtils : Could not detect default configuration classes for test class [com.intellijoe.services.mySpring.web.HelloControllerTest]: HelloControllerTest does not declare any static, non-private, non-final, nested classes annotated with @Configuration.
2023-03-30T12:02:49.282+09:00  INFO 51745 --- [    Test worker] .b.t.c.SpringBootTestContextBootstrapper : Found @SpringBootConfiguration com.intellijoe.services.mySpring.Application for test class com.intellijoe.services.mySpring.web.HelloControllerTest

  .   ____          _            __ _ _
 /\\ / ___'_ __ _ _(_)_ __  __ _ \ \ \ \
( ( )\___ | '_ | '_| | '_ \/ _` | \ \ \ \
 \\/  ___)| |_)| | | | | || (_| |  ) ) ) )
  '  |____| .__|_| |_|_| |_\__, | / / / /
 =========|_|==============|___/=/_/_/_/
 :: Spring Boot ::                (v3.0.4)

2023-03-30T12:02:49.293+09:00  INFO 51745 --- [    Test worker] c.i.s.mySpring.web.HelloControllerTest   : Starting HelloControllerTest using Java 17.0.2 with PID 51745 (started by jeongseung-gu in /Users/jeongseung-gu/intelliJoe/spring/2023/mySpring)
2023-03-30T12:02:49.293+09:00  INFO 51745 --- [    Test worker] c.i.s.mySpring.web.HelloControllerTest   : The following 1 profile is active: "oauth"
2023-03-30T12:02:49.373+09:00  INFO 51745 --- [    Test worker] o.s.b.a.w.s.WelcomePageHandlerMapping    : Adding welcome page template: index
2023-03-30T12:02:49.391+09:00  INFO 51745 --- [    Test worker] o.s.s.web.DefaultSecurityFilterChain     : Will secure any request with [org.springframework.security.web.session.DisableEncodeUrlFilter@ca9ffc0, org.springframework.security.web.context.request.async.WebAsyncManagerIntegrationFilter@e316971, org.springframework.security.web.context.SecurityContextHolderFilter@504f2bcd, org.springframework.security.web.header.HeaderWriterFilter@3b75fdd0, org.springframework.security.web.csrf.CsrfFilter@6ac0c3aa, org.springframework.security.web.authentication.logout.LogoutFilter@372b2573, org.springframework.security.oauth2.client.web.OAuth2AuthorizationRequestRedirectFilter@deb0c0e, org.springframework.security.oauth2.client.web.OAuth2AuthorizationRequestRedirectFilter@6942ff10, org.springframework.security.oauth2.client.web.OAuth2LoginAuthenticationFilter@6385b07d, org.springframework.security.web.authentication.ui.DefaultLoginPageGeneratingFilter@51dd74a0, org.springframework.security.web.authentication.ui.DefaultLogoutPageGeneratingFilter@808f65, org.springframework.security.web.savedrequest.RequestCacheAwareFilter@3c7e7ffd, org.springframework.security.web.servletapi.SecurityContextHolderAwareRequestFilter@45d28ab7, org.springframework.security.web.authentication.AnonymousAuthenticationFilter@56540a58, org.springframework.security.oauth2.client.web.OAuth2AuthorizationCodeGrantFilter@2c3f47ba, org.springframework.security.web.access.ExceptionTranslationFilter@ceeb762, org.springframework.security.web.access.intercept.AuthorizationFilter@5c3f9618]
2023-03-30T12:02:49.410+09:00  INFO 51745 --- [    Test worker] o.s.b.t.m.w.SpringBootMockServletContext : Initializing Spring TestDispatcherServlet ''
2023-03-30T12:02:49.410+09:00  INFO 51745 --- [    Test worker] o.s.t.web.servlet.TestDispatcherServlet  : Initializing Servlet ''
2023-03-30T12:02:49.411+09:00  INFO 51745 --- [    Test worker] o.s.t.web.servlet.TestDispatcherServlet  : Completed initialization in 1 ms
2023-03-30T12:02:49.413+09:00  INFO 51745 --- [    Test worker] c.i.s.mySpring.web.HelloControllerTest   : Started HelloControllerTest in 0.128 seconds (process running for 2.727)
]]></system-out>
  <system-err><![CDATA[]]></system-err>
</testsuite>
