<?xml version="1.0" encoding="UTF-8"?>
<testsuite name="com.intellijoe.services.mySpring.ApplicationTests" tests="1" skipped="0" failures="0" errors="0" timestamp="2023-03-30T03:02:49" hostname="jeongseung-guui-MacBookAir.local" time="0.068">
  <properties/>
  <testcase name="contextLoads()" classname="com.intellijoe.services.mySpring.ApplicationTests" time="0.068"/>
  <system-out><![CDATA[12:02:47.260 [Test worker] DEBUG org.springframework.boot.test.context.SpringBootTestContextBootstrapper - Neither @ContextConfiguration nor @ContextHierarchy found for test class [ApplicationTests]: using SpringBootContextLoader
12:02:47.260 [Test worker] DEBUG org.springframework.test.context.support.AbstractContextLoader - Could not detect default resource locations for test class [com.intellijoe.services.mySpring.ApplicationTests]: no resource found for suffixes {-context.xml, Context.groovy}.
12:02:47.260 [Test worker] INFO org.springframework.test.context.support.AnnotationConfigContextLoaderUtils - Could not detect default configuration classes for test class [com.intellijoe.services.mySpring.ApplicationTests]: ApplicationTests does not declare any static, non-private, non-final, nested classes annotated with @Configuration.
12:02:47.261 [Test worker] DEBUG org.springframework.boot.test.context.SpringBootTestContextBootstrapper - Using ContextCustomizers for test class [ApplicationTests]: [DisableObservabilityContextCustomizer, PropertyMappingContextCustomizer, Customizer, ExcludeFilterContextCustomizer, DuplicateJsonObjectContextCustomizer, MockitoContextCustomizer, TestRestTemplateContextCustomizer]
12:02:47.264 [Test worker] DEBUG org.springframework.context.annotation.ClassPathScanningCandidateComponentProvider - Identified candidate component class: file [/Users/jeongseung-gu/intelliJoe/spring/2023/mySpring/build/classes/java/main/com/intellijoe/services/mySpring/Application.class]
12:02:47.264 [Test worker] INFO org.springframework.boot.test.context.SpringBootTestContextBootstrapper - Found @SpringBootConfiguration com.intellijoe.services.mySpring.Application for test class com.intellijoe.services.mySpring.ApplicationTests
12:02:47.265 [Test worker] DEBUG org.springframework.boot.test.context.SpringBootTestContextBootstrapper - Using TestExecutionListeners for test class [ApplicationTests]: [ServletTestExecutionListener, DirtiesContextBeforeModesTestExecutionListener, ApplicationEventsTestExecutionListener, MockitoTestExecutionListener, DependencyInjectionTestExecutionListener, DirtiesContextTestExecutionListener, TransactionalTestExecutionListener, SqlScriptsTestExecutionListener, WithSecurityContextTestExecutionListener, EventPublishingTestExecutionListener, ReactorContextTestExecutionListener, RestDocsTestExecutionListener, MockRestServiceServerResetTestExecutionListener, MockMvcPrintOnlyOnFailureTestExecutionListener, WebDriverTestExecutionListener, MockWebServiceServerTestExecutionListener, ResetMocksTestExecutionListener]
12:02:47.266 [Test worker] DEBUG org.springframework.test.context.support.AbstractDirtiesContextTestExecutionListener - Before test class: class [ApplicationTests], class annotated with @DirtiesContext [false] with mode [null]

  .   ____          _            __ _ _
 /\\ / ___'_ __ _ _(_)_ __  __ _ \ \ \ \
( ( )\___ | '_ | '_| | '_ \/ _` | \ \ \ \
 \\/  ___)| |_)| | | | | || (_| |  ) ) ) )
  '  |____| .__|_| |_|_| |_\__, | / / / /
 =========|_|==============|___/=/_/_/_/
 :: Spring Boot ::                (v3.0.4)

2023-03-30T12:02:47.419+09:00  INFO 51745 --- [    Test worker] c.i.services.mySpring.ApplicationTests   : Starting ApplicationTests using Java 17.0.2 with PID 51745 (started by jeongseung-gu in /Users/jeongseung-gu/intelliJoe/spring/2023/mySpring)
2023-03-30T12:02:47.420+09:00  INFO 51745 --- [    Test worker] c.i.services.mySpring.ApplicationTests   : The following 1 profile is active: "oauth"
2023-03-30T12:02:47.712+09:00  INFO 51745 --- [    Test worker] .s.d.r.c.RepositoryConfigurationDelegate : Bootstrapping Spring Data JPA repositories in DEFAULT mode.
2023-03-30T12:02:47.735+09:00  INFO 51745 --- [    Test worker] .s.d.r.c.RepositoryConfigurationDelegate : Finished Spring Data repository scanning in 20 ms. Found 2 JPA repository interfaces.
2023-03-30T12:02:47.765+09:00  WARN 51745 --- [    Test worker] ocalVariableTableParameterNameDiscoverer : Using deprecated '-debug' fallback for parameter name resolution. Compile the affected code with '-parameters' instead or avoid its introspection: org.springframework.session.config.annotation.web.http.SpringHttpSessionConfiguration
2023-03-30T12:02:47.931+09:00  INFO 51745 --- [    Test worker] com.zaxxer.hikari.HikariDataSource       : HikariPool-1 - Starting...
2023-03-30T12:02:48.015+09:00  INFO 51745 --- [    Test worker] com.zaxxer.hikari.pool.HikariPool        : HikariPool-1 - Added connection conn0: url=jdbc:h2:mem:testdb user=SA
2023-03-30T12:02:48.016+09:00  INFO 51745 --- [    Test worker] com.zaxxer.hikari.HikariDataSource       : HikariPool-1 - Start completed.
2023-03-30T12:02:48.074+09:00  INFO 51745 --- [    Test worker] o.hibernate.jpa.internal.util.LogHelper  : HHH000204: Processing PersistenceUnitInfo [name: default]
2023-03-30T12:02:48.107+09:00  INFO 51745 --- [    Test worker] org.hibernate.Version                    : HHH000412: Hibernate ORM core version 6.1.7.Final
2023-03-30T12:02:48.239+09:00  INFO 51745 --- [    Test worker] SQL dialect                              : HHH000400: Using dialect: org.hibernate.dialect.MySQL57Dialect
2023-03-30T12:02:48.240+09:00  WARN 51745 --- [    Test worker] org.hibernate.orm.deprecation            : HHH90000026: MySQL57Dialect has been deprecated; use org.hibernate.dialect.MySQLDialect instead
Hibernate: drop table if exists posts
Hibernate: drop table if exists tbl_user
Hibernate: create table posts (id bigint not null auto_increment, created_date datetime(6), modified_date datetime(6), author varchar(255), content TEXT not null, title varchar(500) not null, primary key (id)) engine=InnoDB
Hibernate: create table tbl_user (id bigint not null auto_increment, created_date datetime(6), modified_date datetime(6), email varchar(255) not null, name varchar(255) not null, picture varchar(255), role varchar(255) not null, primary key (id)) engine=InnoDB
2023-03-30T12:02:48.560+09:00  INFO 51745 --- [    Test worker] o.h.e.t.j.p.i.JtaPlatformInitiator       : HHH000490: Using JtaPlatform implementation: [org.hibernate.engine.transaction.jta.platform.internal.NoJtaPlatform]
2023-03-30T12:02:48.564+09:00  INFO 51745 --- [    Test worker] j.LocalContainerEntityManagerFactoryBean : Initialized JPA EntityManagerFactory for persistence unit 'default'
2023-03-30T12:02:48.831+09:00  WARN 51745 --- [    Test worker] JpaBaseConfiguration$JpaWebConfiguration : spring.jpa.open-in-view is enabled by default. Therefore, database queries may be performed during view rendering. Explicitly configure spring.jpa.open-in-view to disable this warning
2023-03-30T12:02:48.875+09:00  INFO 51745 --- [    Test worker] o.s.b.a.w.s.WelcomePageHandlerMapping    : Adding welcome page template: index
2023-03-30T12:02:48.994+09:00  INFO 51745 --- [    Test worker] o.s.s.web.DefaultSecurityFilterChain     : Will secure any request with [org.springframework.security.web.session.DisableEncodeUrlFilter@74fd5fb0, org.springframework.security.web.context.request.async.WebAsyncManagerIntegrationFilter@7c16cc25, org.springframework.security.web.context.SecurityContextHolderFilter@a15e3c1, org.springframework.security.web.header.HeaderWriterFilter@10ab976b, org.springframework.security.web.authentication.logout.LogoutFilter@66e27ac9, org.springframework.security.oauth2.client.web.OAuth2AuthorizationRequestRedirectFilter@24ffe853, org.springframework.security.oauth2.client.web.OAuth2LoginAuthenticationFilter@a904e64, org.springframework.security.web.authentication.ui.DefaultLoginPageGeneratingFilter@68a7bc12, org.springframework.security.web.authentication.ui.DefaultLogoutPageGeneratingFilter@4f96e484, org.springframework.security.web.savedrequest.RequestCacheAwareFilter@2bc52b08, org.springframework.security.web.servletapi.SecurityContextHolderAwareRequestFilter@4349389d, org.springframework.security.web.authentication.AnonymousAuthenticationFilter@3cc5ca01, org.springframework.security.web.access.ExceptionTranslationFilter@7f0b2bf1, org.springframework.security.web.access.intercept.AuthorizationFilter@eea69a9]
2023-03-30T12:02:48.997+09:00  WARN 51745 --- [    Test worker] o.s.s.c.a.web.builders.WebSecurity       : You are asking Spring Security to ignore Mvc [pattern='/node_modules/**']. This is not recommended -- please use permitAll via HttpSecurity#authorizeHttpRequests instead.
2023-03-30T12:02:48.997+09:00  INFO 51745 --- [    Test worker] o.s.s.web.DefaultSecurityFilterChain     : Will not secure Mvc [pattern='/node_modules/**']
2023-03-30T12:02:48.997+09:00  WARN 51745 --- [    Test worker] o.s.s.c.a.web.builders.WebSecurity       : You are asking Spring Security to ignore org.springframework.boot.autoconfigure.security.servlet.StaticResourceRequest$StaticResourceRequestMatcher@14e54a35. This is not recommended -- please use permitAll via HttpSecurity#authorizeHttpRequests instead.
2023-03-30T12:02:48.997+09:00  INFO 51745 --- [    Test worker] o.s.s.web.DefaultSecurityFilterChain     : Will not secure org.springframework.boot.autoconfigure.security.servlet.StaticResourceRequest$StaticResourceRequestMatcher@14e54a35
2023-03-30T12:02:49.105+09:00  INFO 51745 --- [    Test worker] o.s.b.a.h2.H2ConsoleAutoConfiguration    : H2 console available at '/h2-console'. Database available at 'jdbc:h2:mem:testdb'
2023-03-30T12:02:49.197+09:00  INFO 51745 --- [    Test worker] c.i.services.mySpring.ApplicationTests   : Started ApplicationTests in 1.907 seconds (process running for 2.511)
]]></system-out>
  <system-err><![CDATA[]]></system-err>
</testsuite>
