<?xml version="1.0" encoding="UTF-8"?>
<testsuite name="com.intellijoe.services.mySpring.ApplicationTests" tests="1" skipped="0" failures="0" errors="0" timestamp="2023-03-27T07:46:15" hostname="jeongseung-guui-MacBookAir.local" time="0.071">
  <properties/>
  <testcase name="contextLoads()" classname="com.intellijoe.services.mySpring.ApplicationTests" time="0.071"/>
  <system-out><![CDATA[16:46:13.375 [Test worker] DEBUG org.springframework.boot.test.context.SpringBootTestContextBootstrapper - Neither @ContextConfiguration nor @ContextHierarchy found for test class [ApplicationTests]: using SpringBootContextLoader
16:46:13.377 [Test worker] DEBUG org.springframework.test.context.support.AbstractContextLoader - Could not detect default resource locations for test class [com.intellijoe.services.mySpring.ApplicationTests]: no resource found for suffixes {-context.xml, Context.groovy}.
16:46:13.377 [Test worker] INFO org.springframework.test.context.support.AnnotationConfigContextLoaderUtils - Could not detect default configuration classes for test class [com.intellijoe.services.mySpring.ApplicationTests]: ApplicationTests does not declare any static, non-private, non-final, nested classes annotated with @Configuration.
16:46:13.388 [Test worker] DEBUG org.springframework.boot.test.context.SpringBootTestContextBootstrapper - Using ContextCustomizers for test class [ApplicationTests]: [DisableObservabilityContextCustomizer, PropertyMappingContextCustomizer, Customizer, ExcludeFilterContextCustomizer, DuplicateJsonObjectContextCustomizer, MockitoContextCustomizer, TestRestTemplateContextCustomizer]
16:46:13.421 [Test worker] DEBUG org.springframework.context.annotation.ClassPathScanningCandidateComponentProvider - Identified candidate component class: file [/Users/jeongseung-gu/intelliJoe/spring/2023/mySpring/build/classes/java/main/com/intellijoe/services/mySpring/Application.class]
16:46:13.422 [Test worker] INFO org.springframework.boot.test.context.SpringBootTestContextBootstrapper - Found @SpringBootConfiguration com.intellijoe.services.mySpring.Application for test class com.intellijoe.services.mySpring.ApplicationTests
16:46:13.464 [Test worker] DEBUG org.springframework.boot.test.context.SpringBootTestContextBootstrapper - Using TestExecutionListeners for test class [ApplicationTests]: [ServletTestExecutionListener, DirtiesContextBeforeModesTestExecutionListener, ApplicationEventsTestExecutionListener, MockitoTestExecutionListener, DependencyInjectionTestExecutionListener, DirtiesContextTestExecutionListener, TransactionalTestExecutionListener, SqlScriptsTestExecutionListener, WithSecurityContextTestExecutionListener, EventPublishingTestExecutionListener, ReactorContextTestExecutionListener, RestDocsTestExecutionListener, MockRestServiceServerResetTestExecutionListener, MockMvcPrintOnlyOnFailureTestExecutionListener, WebDriverTestExecutionListener, MockWebServiceServerTestExecutionListener, ResetMocksTestExecutionListener]
16:46:13.465 [Test worker] DEBUG org.springframework.test.context.support.AbstractDirtiesContextTestExecutionListener - Before test class: class [ApplicationTests], class annotated with @DirtiesContext [false] with mode [null]

  .   ____          _            __ _ _
 /\\ / ___'_ __ _ _(_)_ __  __ _ \ \ \ \
( ( )\___ | '_ | '_| | '_ \/ _` | \ \ \ \
 \\/  ___)| |_)| | | | | || (_| |  ) ) ) )
  '  |____| .__|_| |_|_| |_\__, | / / / /
 =========|_|==============|___/=/_/_/_/
 :: Spring Boot ::                (v3.0.4)

2023-03-27T16:46:13.598+09:00  INFO 33966 --- [    Test worker] c.i.services.mySpring.ApplicationTests   : Starting ApplicationTests using Java 17.0.2 with PID 33966 (started by jeongseung-gu in /Users/jeongseung-gu/intelliJoe/spring/2023/mySpring)
2023-03-27T16:46:13.599+09:00  INFO 33966 --- [    Test worker] c.i.services.mySpring.ApplicationTests   : The following 1 profile is active: "oauth"
2023-03-27T16:46:13.892+09:00  INFO 33966 --- [    Test worker] .s.d.r.c.RepositoryConfigurationDelegate : Bootstrapping Spring Data JPA repositories in DEFAULT mode.
2023-03-27T16:46:13.916+09:00  INFO 33966 --- [    Test worker] .s.d.r.c.RepositoryConfigurationDelegate : Finished Spring Data repository scanning in 20 ms. Found 2 JPA repository interfaces.
2023-03-27T16:46:13.946+09:00  WARN 33966 --- [    Test worker] ocalVariableTableParameterNameDiscoverer : Using deprecated '-debug' fallback for parameter name resolution. Compile the affected code with '-parameters' instead or avoid its introspection: org.springframework.session.config.annotation.web.http.SpringHttpSessionConfiguration
2023-03-27T16:46:14.099+09:00  INFO 33966 --- [    Test worker] com.zaxxer.hikari.HikariDataSource       : HikariPool-1 - Starting...
2023-03-27T16:46:14.187+09:00  INFO 33966 --- [    Test worker] com.zaxxer.hikari.pool.HikariPool        : HikariPool-1 - Added connection conn0: url=jdbc:h2:mem:testdb user=SA
2023-03-27T16:46:14.188+09:00  INFO 33966 --- [    Test worker] com.zaxxer.hikari.HikariDataSource       : HikariPool-1 - Start completed.
2023-03-27T16:46:14.243+09:00  INFO 33966 --- [    Test worker] o.hibernate.jpa.internal.util.LogHelper  : HHH000204: Processing PersistenceUnitInfo [name: default]
2023-03-27T16:46:14.270+09:00  INFO 33966 --- [    Test worker] org.hibernate.Version                    : HHH000412: Hibernate ORM core version 6.1.7.Final
2023-03-27T16:46:14.389+09:00  INFO 33966 --- [    Test worker] SQL dialect                              : HHH000400: Using dialect: org.hibernate.dialect.MySQL57Dialect
2023-03-27T16:46:14.390+09:00  WARN 33966 --- [    Test worker] org.hibernate.orm.deprecation            : HHH90000026: MySQL57Dialect has been deprecated; use org.hibernate.dialect.MySQLDialect instead
Hibernate: drop table if exists posts
Hibernate: drop table if exists tbl_user
Hibernate: create table posts (id bigint not null auto_increment, created_date datetime(6), modified_date datetime(6), author varchar(255), content TEXT not null, title varchar(500) not null, primary key (id)) engine=InnoDB
Hibernate: create table tbl_user (id bigint not null auto_increment, created_date datetime(6), modified_date datetime(6), email varchar(255) not null, name varchar(255) not null, picture varchar(255), role varchar(255) not null, primary key (id)) engine=InnoDB
2023-03-27T16:46:14.692+09:00  INFO 33966 --- [    Test worker] o.h.e.t.j.p.i.JtaPlatformInitiator       : HHH000490: Using JtaPlatform implementation: [org.hibernate.engine.transaction.jta.platform.internal.NoJtaPlatform]
2023-03-27T16:46:14.696+09:00  INFO 33966 --- [    Test worker] j.LocalContainerEntityManagerFactoryBean : Initialized JPA EntityManagerFactory for persistence unit 'default'
2023-03-27T16:46:14.967+09:00  WARN 33966 --- [    Test worker] JpaBaseConfiguration$JpaWebConfiguration : spring.jpa.open-in-view is enabled by default. Therefore, database queries may be performed during view rendering. Explicitly configure spring.jpa.open-in-view to disable this warning
2023-03-27T16:46:15.015+09:00  INFO 33966 --- [    Test worker] o.s.b.a.w.s.WelcomePageHandlerMapping    : Adding welcome page template: index
2023-03-27T16:46:15.132+09:00  INFO 33966 --- [    Test worker] o.s.s.web.DefaultSecurityFilterChain     : Will secure any request with [org.springframework.security.web.session.DisableEncodeUrlFilter@403b7be3, org.springframework.security.web.context.request.async.WebAsyncManagerIntegrationFilter@2a5d9ede, org.springframework.security.web.context.SecurityContextHolderFilter@53bc6492, org.springframework.security.web.header.HeaderWriterFilter@45c10678, org.springframework.security.web.authentication.logout.LogoutFilter@7337f87e, org.springframework.security.oauth2.client.web.OAuth2AuthorizationRequestRedirectFilter@5924ea91, org.springframework.security.oauth2.client.web.OAuth2LoginAuthenticationFilter@7bc239db, org.springframework.security.web.authentication.ui.DefaultLoginPageGeneratingFilter@686ace1f, org.springframework.security.web.authentication.ui.DefaultLogoutPageGeneratingFilter@39e91bda, org.springframework.security.web.savedrequest.RequestCacheAwareFilter@7fda84cf, org.springframework.security.web.servletapi.SecurityContextHolderAwareRequestFilter@2e1003d9, org.springframework.security.web.authentication.AnonymousAuthenticationFilter@2c3f81ef, org.springframework.security.web.access.ExceptionTranslationFilter@56728f48, org.springframework.security.web.access.intercept.AuthorizationFilter@36a7586f]
2023-03-27T16:46:15.134+09:00  WARN 33966 --- [    Test worker] o.s.s.c.a.web.builders.WebSecurity       : You are asking Spring Security to ignore Mvc [pattern='/node_modules/**']. This is not recommended -- please use permitAll via HttpSecurity#authorizeHttpRequests instead.
2023-03-27T16:46:15.134+09:00  INFO 33966 --- [    Test worker] o.s.s.web.DefaultSecurityFilterChain     : Will not secure Mvc [pattern='/node_modules/**']
2023-03-27T16:46:15.134+09:00  WARN 33966 --- [    Test worker] o.s.s.c.a.web.builders.WebSecurity       : You are asking Spring Security to ignore org.springframework.boot.autoconfigure.security.servlet.StaticResourceRequest$StaticResourceRequestMatcher@4791d904. This is not recommended -- please use permitAll via HttpSecurity#authorizeHttpRequests instead.
2023-03-27T16:46:15.134+09:00  INFO 33966 --- [    Test worker] o.s.s.web.DefaultSecurityFilterChain     : Will not secure org.springframework.boot.autoconfigure.security.servlet.StaticResourceRequest$StaticResourceRequestMatcher@4791d904
2023-03-27T16:46:15.243+09:00  INFO 33966 --- [    Test worker] o.s.b.a.h2.H2ConsoleAutoConfiguration    : H2 console available at '/h2-console'. Database available at 'jdbc:h2:mem:testdb'
2023-03-27T16:46:15.330+09:00  INFO 33966 --- [    Test worker] c.i.services.mySpring.ApplicationTests   : Started ApplicationTests in 1.842 seconds (process running for 2.374)
]]></system-out>
  <system-err><![CDATA[]]></system-err>
</testsuite>
