<?xml version="1.0" encoding="UTF-8"?>
<testsuite name="com.intellijoe.services.mySpring.web.HelloControllerTest" tests="2" skipped="0" failures="0" errors="0" timestamp="2023-03-30T07:43:22" hostname="jeongseung-guui-MacBookAir.local" time="0.068">
  <properties/>
  <testcase name="hello가_리턴된다()" classname="com.intellijoe.services.mySpring.web.HelloControllerTest" time="0.029"/>
  <testcase name="helloDto가_리턴된다()" classname="com.intellijoe.services.mySpring.web.HelloControllerTest" time="0.038"/>
  <system-out><![CDATA[2023-03-30T16:43:22.078+09:00  INFO 54277 --- [    Test worker] t.c.s.AnnotationConfigContextLoaderUtils : Could not detect default configuration classes for test class [com.intellijoe.services.mySpring.web.HelloControllerTest]: HelloControllerTest does not declare any static, non-private, non-final, nested classes annotated with @Configuration.
2023-03-30T16:43:22.086+09:00  INFO 54277 --- [    Test worker] .b.t.c.SpringBootTestContextBootstrapper : Found @SpringBootConfiguration com.intellijoe.services.mySpring.Application for test class com.intellijoe.services.mySpring.web.HelloControllerTest

  .   ____          _            __ _ _
 /\\ / ___'_ __ _ _(_)_ __  __ _ \ \ \ \
( ( )\___ | '_ | '_| | '_ \/ _` | \ \ \ \
 \\/  ___)| |_)| | | | | || (_| |  ) ) ) )
  '  |____| .__|_| |_|_| |_\__, | / / / /
 =========|_|==============|___/=/_/_/_/
 :: Spring Boot ::                (v3.0.4)

2023-03-30T16:43:22.097+09:00  INFO 54277 --- [    Test worker] c.i.s.mySpring.web.HelloControllerTest   : Starting HelloControllerTest using Java 17.0.2 with PID 54277 (started by jeongseung-gu in /Users/jeongseung-gu/intelliJoe/spring/2023/mySpring)
2023-03-30T16:43:22.097+09:00  INFO 54277 --- [    Test worker] c.i.s.mySpring.web.HelloControllerTest   : The following 1 profile is active: "oauth"
2023-03-30T16:43:22.187+09:00  INFO 54277 --- [    Test worker] o.s.b.a.w.s.WelcomePageHandlerMapping    : Adding welcome page template: index
2023-03-30T16:43:22.205+09:00  INFO 54277 --- [    Test worker] o.s.s.web.DefaultSecurityFilterChain     : Will secure any request with [org.springframework.security.web.session.DisableEncodeUrlFilter@7fe75649, org.springframework.security.web.context.request.async.WebAsyncManagerIntegrationFilter@713323a3, org.springframework.security.web.context.SecurityContextHolderFilter@72c8de78, org.springframework.security.web.header.HeaderWriterFilter@353ac1ef, org.springframework.security.web.csrf.CsrfFilter@11c82829, org.springframework.security.web.authentication.logout.LogoutFilter@7abeaed0, org.springframework.security.oauth2.client.web.OAuth2AuthorizationRequestRedirectFilter@482040a, org.springframework.security.oauth2.client.web.OAuth2AuthorizationRequestRedirectFilter@3272c5b3, org.springframework.security.oauth2.client.web.OAuth2LoginAuthenticationFilter@b45e264, org.springframework.security.web.authentication.ui.DefaultLoginPageGeneratingFilter@65402e26, org.springframework.security.web.authentication.ui.DefaultLogoutPageGeneratingFilter@4fd2b418, org.springframework.security.web.savedrequest.RequestCacheAwareFilter@22912968, org.springframework.security.web.servletapi.SecurityContextHolderAwareRequestFilter@616b2b2, org.springframework.security.web.authentication.AnonymousAuthenticationFilter@dd5ea90, org.springframework.security.oauth2.client.web.OAuth2AuthorizationCodeGrantFilter@52d202f0, org.springframework.security.web.access.ExceptionTranslationFilter@34c21c34, org.springframework.security.web.access.intercept.AuthorizationFilter@2ddb260e]
2023-03-30T16:43:22.219+09:00  INFO 54277 --- [    Test worker] o.s.b.t.m.w.SpringBootMockServletContext : Initializing Spring TestDispatcherServlet ''
2023-03-30T16:43:22.219+09:00  INFO 54277 --- [    Test worker] o.s.t.web.servlet.TestDispatcherServlet  : Initializing Servlet ''
2023-03-30T16:43:22.220+09:00  INFO 54277 --- [    Test worker] o.s.t.web.servlet.TestDispatcherServlet  : Completed initialization in 1 ms
2023-03-30T16:43:22.223+09:00  INFO 54277 --- [    Test worker] c.i.s.mySpring.web.HelloControllerTest   : Started HelloControllerTest in 0.135 seconds (process running for 2.623)
]]></system-out>
  <system-err><![CDATA[]]></system-err>
</testsuite>
