<?xml version="1.0" encoding="UTF-8"?>
<testsuite name="com.intellijoe.services.mySpring.web.IndexControllerTest" tests="1" skipped="0" failures="0" errors="0" timestamp="2023-03-28T08:47:23" hostname="jeongseung-guui-MacBookAir.local" time="0.07">
  <properties/>
  <testcase name="메인페이지_로딩" classname="com.intellijoe.services.mySpring.web.IndexControllerTest" time="0.07"/>
  <system-out><![CDATA[
  .   ____          _            __ _ _
 /\\ / ___'_ __ _ _(_)_ __  __ _ \ \ \ \
( ( )\___ | '_ | '_| | '_ \/ _` | \ \ \ \
 \\/  ___)| |_)| | | | | || (_| |  ) ) ) )
  '  |____| .__|_| |_|_| |_\__, | / / / /
 =========|_|==============|___/=/_/_/_/
 :: Spring Boot ::                (v3.0.4)

2023-03-28T17:47:23.315+09:00  INFO 44606 --- [    Test worker] c.i.s.mySpring.web.IndexControllerTest   : Starting IndexControllerTest using Java 17.0.2 with PID 44606 (started by jeongseung-gu in /Users/jeongseung-gu/intelliJoe/spring/2023/mySpring)
2023-03-28T17:47:23.315+09:00  INFO 44606 --- [    Test worker] c.i.s.mySpring.web.IndexControllerTest   : The following 1 profile is active: "oauth"
2023-03-28T17:47:23.380+09:00  INFO 44606 --- [    Test worker] .s.d.r.c.RepositoryConfigurationDelegate : Bootstrapping Spring Data JPA repositories in DEFAULT mode.
2023-03-28T17:47:23.388+09:00  INFO 44606 --- [    Test worker] .s.d.r.c.RepositoryConfigurationDelegate : Finished Spring Data repository scanning in 7 ms. Found 2 JPA repository interfaces.
2023-03-28T17:47:23.401+09:00  WARN 44606 --- [    Test worker] ocalVariableTableParameterNameDiscoverer : Using deprecated '-debug' fallback for parameter name resolution. Compile the affected code with '-parameters' instead or avoid its introspection: org.springframework.session.config.annotation.web.http.SpringHttpSessionConfiguration
2023-03-28T17:47:23.470+09:00  INFO 44606 --- [    Test worker] o.s.b.w.embedded.tomcat.TomcatWebServer  : Tomcat initialized with port(s): 0 (http)
2023-03-28T17:47:23.476+09:00  INFO 44606 --- [    Test worker] o.apache.catalina.core.StandardService   : Starting service [Tomcat]
2023-03-28T17:47:23.476+09:00  INFO 44606 --- [    Test worker] o.apache.catalina.core.StandardEngine    : Starting Servlet engine: [Apache Tomcat/10.1.5]
2023-03-28T17:47:23.525+09:00  INFO 44606 --- [    Test worker] o.a.c.c.C.[Tomcat].[localhost].[/]       : Initializing Spring embedded WebApplicationContext
2023-03-28T17:47:23.525+09:00  INFO 44606 --- [    Test worker] w.s.c.ServletWebServerApplicationContext : Root WebApplicationContext: initialization completed in 210 ms
2023-03-28T17:47:23.532+09:00  INFO 44606 --- [    Test worker] com.zaxxer.hikari.HikariDataSource       : HikariPool-2 - Starting...
2023-03-28T17:47:23.533+09:00  INFO 44606 --- [    Test worker] com.zaxxer.hikari.pool.HikariPool        : HikariPool-2 - Added connection conn10: url=jdbc:h2:mem:testdb user=SA
2023-03-28T17:47:23.533+09:00  INFO 44606 --- [    Test worker] com.zaxxer.hikari.HikariDataSource       : HikariPool-2 - Start completed.
2023-03-28T17:47:23.533+09:00  INFO 44606 --- [    Test worker] o.s.b.a.h2.H2ConsoleAutoConfiguration    : H2 console available at '/h2-console'. Database available at 'jdbc:h2:mem:testdb'
2023-03-28T17:47:23.555+09:00  INFO 44606 --- [    Test worker] o.hibernate.jpa.internal.util.LogHelper  : HHH000204: Processing PersistenceUnitInfo [name: default]
2023-03-28T17:47:23.559+09:00  INFO 44606 --- [    Test worker] SQL dialect                              : HHH000400: Using dialect: org.hibernate.dialect.MySQL57Dialect
2023-03-28T17:47:23.559+09:00  WARN 44606 --- [    Test worker] org.hibernate.orm.deprecation            : HHH90000026: MySQL57Dialect has been deprecated; use org.hibernate.dialect.MySQLDialect instead
Hibernate: drop table if exists posts
Hibernate: drop table if exists tbl_user
Hibernate: create table posts (id bigint not null auto_increment, created_date datetime(6), modified_date datetime(6), author varchar(255), content TEXT not null, title varchar(500) not null, primary key (id)) engine=InnoDB
Hibernate: create table tbl_user (id bigint not null auto_increment, created_date datetime(6), modified_date datetime(6), email varchar(255) not null, name varchar(255) not null, picture varchar(255), role varchar(255) not null, primary key (id)) engine=InnoDB
2023-03-28T17:47:23.580+09:00  INFO 44606 --- [    Test worker] o.h.e.t.j.p.i.JtaPlatformInitiator       : HHH000490: Using JtaPlatform implementation: [org.hibernate.engine.transaction.jta.platform.internal.NoJtaPlatform]
2023-03-28T17:47:23.580+09:00  INFO 44606 --- [    Test worker] j.LocalContainerEntityManagerFactoryBean : Initialized JPA EntityManagerFactory for persistence unit 'default'
2023-03-28T17:47:23.635+09:00  WARN 44606 --- [    Test worker] JpaBaseConfiguration$JpaWebConfiguration : spring.jpa.open-in-view is enabled by default. Therefore, database queries may be performed during view rendering. Explicitly configure spring.jpa.open-in-view to disable this warning
2023-03-28T17:47:23.641+09:00  INFO 44606 --- [    Test worker] o.s.b.a.w.s.WelcomePageHandlerMapping    : Adding welcome page template: index
2023-03-28T17:47:23.659+09:00  INFO 44606 --- [    Test worker] o.s.s.web.DefaultSecurityFilterChain     : Will secure any request with [org.springframework.security.web.session.DisableEncodeUrlFilter@6557d4c6, org.springframework.security.web.context.request.async.WebAsyncManagerIntegrationFilter@de4bee9, org.springframework.security.web.context.SecurityContextHolderFilter@1a5b8f77, org.springframework.security.web.header.HeaderWriterFilter@6565691a, org.springframework.security.web.authentication.logout.LogoutFilter@de0922c, org.springframework.security.oauth2.client.web.OAuth2AuthorizationRequestRedirectFilter@43e587cd, org.springframework.security.oauth2.client.web.OAuth2LoginAuthenticationFilter@4a9d0c6f, org.springframework.security.web.authentication.ui.DefaultLoginPageGeneratingFilter@c9cd06e, org.springframework.security.web.authentication.ui.DefaultLogoutPageGeneratingFilter@62509b77, org.springframework.security.web.savedrequest.RequestCacheAwareFilter@385ff04e, org.springframework.security.web.servletapi.SecurityContextHolderAwareRequestFilter@42ff5c92, org.springframework.security.web.authentication.AnonymousAuthenticationFilter@400c0d26, org.springframework.security.web.access.ExceptionTranslationFilter@6453c126, org.springframework.security.web.access.intercept.AuthorizationFilter@5fb6fdb8]
2023-03-28T17:47:23.660+09:00  WARN 44606 --- [    Test worker] o.s.s.c.a.web.builders.WebSecurity       : You are asking Spring Security to ignore Mvc [pattern='/node_modules/**']. This is not recommended -- please use permitAll via HttpSecurity#authorizeHttpRequests instead.
2023-03-28T17:47:23.660+09:00  INFO 44606 --- [    Test worker] o.s.s.web.DefaultSecurityFilterChain     : Will not secure Mvc [pattern='/node_modules/**']
2023-03-28T17:47:23.660+09:00  WARN 44606 --- [    Test worker] o.s.s.c.a.web.builders.WebSecurity       : You are asking Spring Security to ignore org.springframework.boot.autoconfigure.security.servlet.StaticResourceRequest$StaticResourceRequestMatcher@890196b. This is not recommended -- please use permitAll via HttpSecurity#authorizeHttpRequests instead.
2023-03-28T17:47:23.660+09:00  INFO 44606 --- [    Test worker] o.s.s.web.DefaultSecurityFilterChain     : Will not secure org.springframework.boot.autoconfigure.security.servlet.StaticResourceRequest$StaticResourceRequestMatcher@890196b
2023-03-28T17:47:23.687+09:00  INFO 44606 --- [    Test worker] o.s.b.w.embedded.tomcat.TomcatWebServer  : Tomcat started on port(s): 54574 (http) with context path ''
2023-03-28T17:47:23.689+09:00  INFO 44606 --- [    Test worker] c.i.s.mySpring.web.IndexControllerTest   : Started IndexControllerTest in 0.385 seconds (process running for 3.316)
2023-03-28T17:47:23.731+09:00  INFO 44606 --- [o-auto-1-exec-1] o.a.c.c.C.[Tomcat].[localhost].[/]       : Initializing Spring DispatcherServlet 'dispatcherServlet'
2023-03-28T17:47:23.731+09:00  INFO 44606 --- [o-auto-1-exec-1] o.s.web.servlet.DispatcherServlet        : Initializing Servlet 'dispatcherServlet'
2023-03-28T17:47:23.732+09:00  INFO 44606 --- [o-auto-1-exec-1] o.s.web.servlet.DispatcherServlet        : Completed initialization in 1 ms
Hibernate: select p1_0.id,p1_0.author,p1_0.content,p1_0.created_date,p1_0.modified_date,p1_0.title from posts p1_0 order by p1_0.id desc
]]></system-out>
  <system-err><![CDATA[]]></system-err>
</testsuite>
