<?xml version="1.0" encoding="UTF-8"?>
<testsuite name="com.intellijoe.services.mySpring.web.HelloControllerTest" tests="2" skipped="0" failures="0" errors="0" timestamp="2023-03-27T07:46:15" hostname="jeongseung-guui-MacBookAir.local" time="0.065">
  <properties/>
  <testcase name="hello가_리턴된다()" classname="com.intellijoe.services.mySpring.web.HelloControllerTest" time="0.025"/>
  <testcase name="helloDto가_리턴된다()" classname="com.intellijoe.services.mySpring.web.HelloControllerTest" time="0.039"/>
  <system-out><![CDATA[2023-03-27T16:46:15.410+09:00  INFO 33966 --- [    Test worker] t.c.s.AnnotationConfigContextLoaderUtils : Could not detect default configuration classes for test class [com.intellijoe.services.mySpring.web.HelloControllerTest]: HelloControllerTest does not declare any static, non-private, non-final, nested classes annotated with @Configuration.
2023-03-27T16:46:15.419+09:00  INFO 33966 --- [    Test worker] .b.t.c.SpringBootTestContextBootstrapper : Found @SpringBootConfiguration com.intellijoe.services.mySpring.Application for test class com.intellijoe.services.mySpring.web.HelloControllerTest

  .   ____          _            __ _ _
 /\\ / ___'_ __ _ _(_)_ __  __ _ \ \ \ \
( ( )\___ | '_ | '_| | '_ \/ _` | \ \ \ \
 \\/  ___)| |_)| | | | | || (_| |  ) ) ) )
  '  |____| .__|_| |_|_| |_\__, | / / / /
 =========|_|==============|___/=/_/_/_/
 :: Spring Boot ::                (v3.0.4)

2023-03-27T16:46:15.429+09:00  INFO 33966 --- [    Test worker] c.i.s.mySpring.web.HelloControllerTest   : Starting HelloControllerTest using Java 17.0.2 with PID 33966 (started by jeongseung-gu in /Users/jeongseung-gu/intelliJoe/spring/2023/mySpring)
2023-03-27T16:46:15.430+09:00  INFO 33966 --- [    Test worker] c.i.s.mySpring.web.HelloControllerTest   : The following 1 profile is active: "oauth"
2023-03-27T16:46:15.527+09:00  INFO 33966 --- [    Test worker] o.s.b.a.w.s.WelcomePageHandlerMapping    : Adding welcome page template: index
2023-03-27T16:46:15.541+09:00  INFO 33966 --- [    Test worker] o.s.s.web.DefaultSecurityFilterChain     : Will secure any request with [org.springframework.security.web.session.DisableEncodeUrlFilter@490e1017, org.springframework.security.web.context.request.async.WebAsyncManagerIntegrationFilter@2ddb260e, org.springframework.security.web.context.SecurityContextHolderFilter@7536ef0f, org.springframework.security.web.header.HeaderWriterFilter@71d3dfd5, org.springframework.security.web.csrf.CsrfFilter@4d45b457, org.springframework.security.web.authentication.logout.LogoutFilter@4951dc8c, org.springframework.security.oauth2.client.web.OAuth2AuthorizationRequestRedirectFilter@353ac1ef, org.springframework.security.oauth2.client.web.OAuth2AuthorizationRequestRedirectFilter@22912968, org.springframework.security.oauth2.client.web.OAuth2LoginAuthenticationFilter@72c8de78, org.springframework.security.web.authentication.ui.DefaultLoginPageGeneratingFilter@1626612d, org.springframework.security.web.authentication.ui.DefaultLogoutPageGeneratingFilter@482040a, org.springframework.security.web.savedrequest.RequestCacheAwareFilter@15311af2, org.springframework.security.web.servletapi.SecurityContextHolderAwareRequestFilter@796434a3, org.springframework.security.web.authentication.AnonymousAuthenticationFilter@b45e264, org.springframework.security.oauth2.client.web.OAuth2AuthorizationCodeGrantFilter@7abeaed0, org.springframework.security.web.access.ExceptionTranslationFilter@5c1605e2, org.springframework.security.web.access.intercept.AuthorizationFilter@34c21c34]
2023-03-27T16:46:15.553+09:00  INFO 33966 --- [    Test worker] o.s.b.t.m.w.SpringBootMockServletContext : Initializing Spring TestDispatcherServlet ''
2023-03-27T16:46:15.553+09:00  INFO 33966 --- [    Test worker] o.s.t.web.servlet.TestDispatcherServlet  : Initializing Servlet ''
2023-03-27T16:46:15.554+09:00  INFO 33966 --- [    Test worker] o.s.t.web.servlet.TestDispatcherServlet  : Completed initialization in 0 ms
2023-03-27T16:46:15.557+09:00  INFO 33966 --- [    Test worker] c.i.s.mySpring.web.HelloControllerTest   : Started HelloControllerTest in 0.136 seconds (process running for 2.6)
]]></system-out>
  <system-err><![CDATA[]]></system-err>
</testsuite>
