<?xml version="1.0" encoding="UTF-8"?>
<testsuite name="com.intellijoe.services.mySpring.web.dto.HelloResponseDtoTest" tests="1" skipped="0" failures="0" errors="0" timestamp="2023-03-30T03:02:49" hostname="jeongseung-guui-MacBookAir.local" time="0.026">
  <properties/>
  <testcase name="롬복_기능_테스트()" classname="com.intellijoe.services.mySpring.web.dto.HelloResponseDtoTest" time="0.026"/>
  <system-out><![CDATA[]]></system-out>
  <system-err><![CDATA[]]></system-err>
</testsuite>
