<?xml version="1.0" encoding="UTF-8"?>
<testsuite name="com.intellijoe.services.mySpring.ApplicationTests" tests="1" skipped="0" failures="0" errors="0" timestamp="2023-03-28T08:36:46" hostname="jeongseung-guui-MacBookAir.local" time="0.071">
  <properties/>
  <testcase name="contextLoads()" classname="com.intellijoe.services.mySpring.ApplicationTests" time="0.071"/>
  <system-out><![CDATA[17:36:44.310 [Test worker] DEBUG org.springframework.boot.test.context.SpringBootTestContextBootstrapper - Neither @ContextConfiguration nor @ContextHierarchy found for test class [ApplicationTests]: using SpringBootContextLoader
17:36:44.313 [Test worker] DEBUG org.springframework.test.context.support.AbstractContextLoader - Could not detect default resource locations for test class [com.intellijoe.services.mySpring.ApplicationTests]: no resource found for suffixes {-context.xml, Context.groovy}.
17:36:44.313 [Test worker] INFO org.springframework.test.context.support.AnnotationConfigContextLoaderUtils - Could not detect default configuration classes for test class [com.intellijoe.services.mySpring.ApplicationTests]: ApplicationTests does not declare any static, non-private, non-final, nested classes annotated with @Configuration.
17:36:44.324 [Test worker] DEBUG org.springframework.boot.test.context.SpringBootTestContextBootstrapper - Using ContextCustomizers for test class [ApplicationTests]: [DisableObservabilityContextCustomizer, PropertyMappingContextCustomizer, Customizer, ExcludeFilterContextCustomizer, DuplicateJsonObjectContextCustomizer, MockitoContextCustomizer, TestRestTemplateContextCustomizer]
17:36:44.357 [Test worker] DEBUG org.springframework.context.annotation.ClassPathScanningCandidateComponentProvider - Identified candidate component class: file [/Users/jeongseung-gu/intelliJoe/spring/2023/mySpring/build/classes/java/main/com/intellijoe/services/mySpring/Application.class]
17:36:44.358 [Test worker] INFO org.springframework.boot.test.context.SpringBootTestContextBootstrapper - Found @SpringBootConfiguration com.intellijoe.services.mySpring.Application for test class com.intellijoe.services.mySpring.ApplicationTests
17:36:44.402 [Test worker] DEBUG org.springframework.boot.test.context.SpringBootTestContextBootstrapper - Using TestExecutionListeners for test class [ApplicationTests]: [ServletTestExecutionListener, DirtiesContextBeforeModesTestExecutionListener, ApplicationEventsTestExecutionListener, MockitoTestExecutionListener, DependencyInjectionTestExecutionListener, DirtiesContextTestExecutionListener, TransactionalTestExecutionListener, SqlScriptsTestExecutionListener, WithSecurityContextTestExecutionListener, EventPublishingTestExecutionListener, ReactorContextTestExecutionListener, RestDocsTestExecutionListener, MockRestServiceServerResetTestExecutionListener, MockMvcPrintOnlyOnFailureTestExecutionListener, WebDriverTestExecutionListener, MockWebServiceServerTestExecutionListener, ResetMocksTestExecutionListener]
17:36:44.403 [Test worker] DEBUG org.springframework.test.context.support.AbstractDirtiesContextTestExecutionListener - Before test class: class [ApplicationTests], class annotated with @DirtiesContext [false] with mode [null]

  .   ____          _            __ _ _
 /\\ / ___'_ __ _ _(_)_ __  __ _ \ \ \ \
( ( )\___ | '_ | '_| | '_ \/ _` | \ \ \ \
 \\/  ___)| |_)| | | | | || (_| |  ) ) ) )
  '  |____| .__|_| |_|_| |_\__, | / / / /
 =========|_|==============|___/=/_/_/_/
 :: Spring Boot ::                (v3.0.4)

2023-03-28T17:36:44.552+09:00  INFO 44169 --- [    Test worker] c.i.services.mySpring.ApplicationTests   : Starting ApplicationTests using Java 17.0.2 with PID 44169 (started by jeongseung-gu in /Users/jeongseung-gu/intelliJoe/spring/2023/mySpring)
2023-03-28T17:36:44.553+09:00  INFO 44169 --- [    Test worker] c.i.services.mySpring.ApplicationTests   : The following 1 profile is active: "oauth"
2023-03-28T17:36:44.859+09:00  INFO 44169 --- [    Test worker] .s.d.r.c.RepositoryConfigurationDelegate : Bootstrapping Spring Data JPA repositories in DEFAULT mode.
2023-03-28T17:36:44.883+09:00  INFO 44169 --- [    Test worker] .s.d.r.c.RepositoryConfigurationDelegate : Finished Spring Data repository scanning in 20 ms. Found 2 JPA repository interfaces.
2023-03-28T17:36:44.913+09:00  WARN 44169 --- [    Test worker] ocalVariableTableParameterNameDiscoverer : Using deprecated '-debug' fallback for parameter name resolution. Compile the affected code with '-parameters' instead or avoid its introspection: org.springframework.session.config.annotation.web.http.SpringHttpSessionConfiguration
2023-03-28T17:36:45.072+09:00  INFO 44169 --- [    Test worker] com.zaxxer.hikari.HikariDataSource       : HikariPool-1 - Starting...
2023-03-28T17:36:45.156+09:00  INFO 44169 --- [    Test worker] com.zaxxer.hikari.pool.HikariPool        : HikariPool-1 - Added connection conn0: url=jdbc:h2:mem:testdb user=SA
2023-03-28T17:36:45.157+09:00  INFO 44169 --- [    Test worker] com.zaxxer.hikari.HikariDataSource       : HikariPool-1 - Start completed.
2023-03-28T17:36:45.216+09:00  INFO 44169 --- [    Test worker] o.hibernate.jpa.internal.util.LogHelper  : HHH000204: Processing PersistenceUnitInfo [name: default]
2023-03-28T17:36:45.246+09:00  INFO 44169 --- [    Test worker] org.hibernate.Version                    : HHH000412: Hibernate ORM core version 6.1.7.Final
2023-03-28T17:36:45.374+09:00  INFO 44169 --- [    Test worker] SQL dialect                              : HHH000400: Using dialect: org.hibernate.dialect.MySQL57Dialect
2023-03-28T17:36:45.375+09:00  WARN 44169 --- [    Test worker] org.hibernate.orm.deprecation            : HHH90000026: MySQL57Dialect has been deprecated; use org.hibernate.dialect.MySQLDialect instead
Hibernate: drop table if exists posts
Hibernate: drop table if exists tbl_user
Hibernate: create table posts (id bigint not null auto_increment, created_date datetime(6), modified_date datetime(6), author varchar(255), content TEXT not null, title varchar(500) not null, primary key (id)) engine=InnoDB
Hibernate: create table tbl_user (id bigint not null auto_increment, created_date datetime(6), modified_date datetime(6), email varchar(255) not null, name varchar(255) not null, picture varchar(255), role varchar(255) not null, primary key (id)) engine=InnoDB
2023-03-28T17:36:45.689+09:00  INFO 44169 --- [    Test worker] o.h.e.t.j.p.i.JtaPlatformInitiator       : HHH000490: Using JtaPlatform implementation: [org.hibernate.engine.transaction.jta.platform.internal.NoJtaPlatform]
2023-03-28T17:36:45.693+09:00  INFO 44169 --- [    Test worker] j.LocalContainerEntityManagerFactoryBean : Initialized JPA EntityManagerFactory for persistence unit 'default'
2023-03-28T17:36:45.962+09:00  WARN 44169 --- [    Test worker] JpaBaseConfiguration$JpaWebConfiguration : spring.jpa.open-in-view is enabled by default. Therefore, database queries may be performed during view rendering. Explicitly configure spring.jpa.open-in-view to disable this warning
2023-03-28T17:36:46.006+09:00  INFO 44169 --- [    Test worker] o.s.b.a.w.s.WelcomePageHandlerMapping    : Adding welcome page template: index
2023-03-28T17:36:46.117+09:00  INFO 44169 --- [    Test worker] o.s.s.web.DefaultSecurityFilterChain     : Will secure any request with [org.springframework.security.web.session.DisableEncodeUrlFilter@7bc239db, org.springframework.security.web.context.request.async.WebAsyncManagerIntegrationFilter@709c6768, org.springframework.security.web.context.SecurityContextHolderFilter@45c10678, org.springframework.security.web.header.HeaderWriterFilter@569b3009, org.springframework.security.web.authentication.logout.LogoutFilter@3c070ade, org.springframework.security.oauth2.client.web.OAuth2AuthorizationRequestRedirectFilter@1ea78c72, org.springframework.security.oauth2.client.web.OAuth2LoginAuthenticationFilter@3437fc4f, org.springframework.security.web.authentication.ui.DefaultLoginPageGeneratingFilter@5d1907fb, org.springframework.security.web.authentication.ui.DefaultLogoutPageGeneratingFilter@3e356ed6, org.springframework.security.web.savedrequest.RequestCacheAwareFilter@6e140753, org.springframework.security.web.servletapi.SecurityContextHolderAwareRequestFilter@313a3af8, org.springframework.security.web.authentication.AnonymousAuthenticationFilter@403b7be3, org.springframework.security.web.access.ExceptionTranslationFilter@4117e0c9, org.springframework.security.web.access.intercept.AuthorizationFilter@18ed8b75]
2023-03-28T17:36:46.120+09:00  WARN 44169 --- [    Test worker] o.s.s.c.a.web.builders.WebSecurity       : You are asking Spring Security to ignore Mvc [pattern='/node_modules/**']. This is not recommended -- please use permitAll via HttpSecurity#authorizeHttpRequests instead.
2023-03-28T17:36:46.120+09:00  INFO 44169 --- [    Test worker] o.s.s.web.DefaultSecurityFilterChain     : Will not secure Mvc [pattern='/node_modules/**']
2023-03-28T17:36:46.120+09:00  WARN 44169 --- [    Test worker] o.s.s.c.a.web.builders.WebSecurity       : You are asking Spring Security to ignore org.springframework.boot.autoconfigure.security.servlet.StaticResourceRequest$StaticResourceRequestMatcher@4791d904. This is not recommended -- please use permitAll via HttpSecurity#authorizeHttpRequests instead.
2023-03-28T17:36:46.120+09:00  INFO 44169 --- [    Test worker] o.s.s.web.DefaultSecurityFilterChain     : Will not secure org.springframework.boot.autoconfigure.security.servlet.StaticResourceRequest$StaticResourceRequestMatcher@4791d904
2023-03-28T17:36:46.225+09:00  INFO 44169 --- [    Test worker] o.s.b.a.h2.H2ConsoleAutoConfiguration    : H2 console available at '/h2-console'. Database available at 'jdbc:h2:mem:testdb'
2023-03-28T17:36:46.315+09:00  INFO 44169 --- [    Test worker] c.i.services.mySpring.ApplicationTests   : Started ApplicationTests in 1.885 seconds (process running for 2.416)
]]></system-out>
  <system-err><![CDATA[]]></system-err>
</testsuite>
