<?xml version="1.0" encoding="UTF-8"?>
<testsuite name="com.intellijoe.services.mySpring.web.PostsApiControllerTest" tests="2" skipped="0" failures="0" errors="0" timestamp="2023-03-30T03:02:50" hostname="jeongseung-guui-MacBookAir.local" time="0.048">
  <properties/>
  <testcase name="Posts_등록된다" classname="com.intellijoe.services.mySpring.web.PostsApiControllerTest" time="0.031"/>
  <testcase name="Posts_수정된다" classname="com.intellijoe.services.mySpring.web.PostsApiControllerTest" time="0.016"/>
  <system-out><![CDATA[2023-03-30T12:02:50.072+09:00  INFO 51745 --- [    Test worker] o.a.c.c.C.[Tomcat].[localhost].[/]       : Initializing Spring TestDispatcherServlet ''
2023-03-30T12:02:50.072+09:00  INFO 51745 --- [    Test worker] o.s.t.web.servlet.TestDispatcherServlet  : Initializing Servlet ''
2023-03-30T12:02:50.073+09:00  INFO 51745 --- [    Test worker] o.s.t.web.servlet.TestDispatcherServlet  : Completed initialization in 1 ms
responseEntity : <302 FOUND Found,[X-Content-Type-Options:"nosniff", X-XSS-Protection:"0", Cache-Control:"no-cache, no-store, max-age=0, must-revalidate", Pragma:"no-cache", Expires:"0", Location:"http://localhost:59440/login", Content-Length:"0", Date:"Thu, 30 Mar 2023 03:02:50 GMT", Keep-Alive:"timeout=60", Connection:"keep-alive"]>
Hibernate: insert into posts (author, content, created_date, modified_date, title) values (?, ?, ?, ?, ?)
Hibernate: select p1_0.id,p1_0.author,p1_0.content,p1_0.created_date,p1_0.modified_date,p1_0.title from posts p1_0
Hibernate: select p1_0.id,p1_0.author,p1_0.content,p1_0.created_date,p1_0.modified_date,p1_0.title from posts p1_0
Hibernate: delete from posts where id=?
2023-03-30T12:02:50.103+09:00  INFO 51745 --- [    Test worker] o.a.c.c.C.[Tomcat].[localhost].[/]       : Initializing Spring TestDispatcherServlet ''
2023-03-30T12:02:50.104+09:00  INFO 51745 --- [    Test worker] o.s.t.web.servlet.TestDispatcherServlet  : Initializing Servlet ''
2023-03-30T12:02:50.104+09:00  INFO 51745 --- [    Test worker] o.s.t.web.servlet.TestDispatcherServlet  : Completed initialization in 0 ms
Hibernate: insert into posts (author, content, created_date, modified_date, title) values (?, ?, ?, ?, ?)
Hibernate: select p1_0.id,p1_0.author,p1_0.content,p1_0.created_date,p1_0.modified_date,p1_0.title from posts p1_0 where p1_0.id=?
Hibernate: update posts set author=?, content=?, created_date=?, modified_date=?, title=? where id=?
Hibernate: select p1_0.id,p1_0.author,p1_0.content,p1_0.created_date,p1_0.modified_date,p1_0.title from posts p1_0
Hibernate: select p1_0.id,p1_0.author,p1_0.content,p1_0.created_date,p1_0.modified_date,p1_0.title from posts p1_0
Hibernate: delete from posts where id=?
]]></system-out>
  <system-err><![CDATA[]]></system-err>
</testsuite>
