<?xml version="1.0" encoding="UTF-8"?>
<testsuite name="com.intellijoe.services.mySpring.ApplicationTests" tests="1" skipped="0" failures="0" errors="0" timestamp="2023-03-28T08:47:22" hostname="jeongseung-guui-MacBookAir.local" time="0.07">
  <properties/>
  <testcase name="contextLoads()" classname="com.intellijoe.services.mySpring.ApplicationTests" time="0.07"/>
  <system-out><![CDATA[17:47:20.987 [Test worker] DEBUG org.springframework.boot.test.context.SpringBootTestContextBootstrapper - Neither @ContextConfiguration nor @ContextHierarchy found for test class [ApplicationTests]: using SpringBootContextLoader
17:47:20.987 [Test worker] DEBUG org.springframework.test.context.support.AbstractContextLoader - Could not detect default resource locations for test class [com.intellijoe.services.mySpring.ApplicationTests]: no resource found for suffixes {-context.xml, Context.groovy}.
17:47:20.987 [Test worker] INFO org.springframework.test.context.support.AnnotationConfigContextLoaderUtils - Could not detect default configuration classes for test class [com.intellijoe.services.mySpring.ApplicationTests]: ApplicationTests does not declare any static, non-private, non-final, nested classes annotated with @Configuration.
17:47:20.988 [Test worker] DEBUG org.springframework.boot.test.context.SpringBootTestContextBootstrapper - Using ContextCustomizers for test class [ApplicationTests]: [DisableObservabilityContextCustomizer, PropertyMappingContextCustomizer, Customizer, ExcludeFilterContextCustomizer, DuplicateJsonObjectContextCustomizer, MockitoContextCustomizer, TestRestTemplateContextCustomizer]
17:47:20.991 [Test worker] DEBUG org.springframework.context.annotation.ClassPathScanningCandidateComponentProvider - Identified candidate component class: file [/Users/jeongseung-gu/intelliJoe/spring/2023/mySpring/build/classes/java/main/com/intellijoe/services/mySpring/Application.class]
17:47:20.991 [Test worker] INFO org.springframework.boot.test.context.SpringBootTestContextBootstrapper - Found @SpringBootConfiguration com.intellijoe.services.mySpring.Application for test class com.intellijoe.services.mySpring.ApplicationTests
17:47:20.992 [Test worker] DEBUG org.springframework.boot.test.context.SpringBootTestContextBootstrapper - Using TestExecutionListeners for test class [ApplicationTests]: [ServletTestExecutionListener, DirtiesContextBeforeModesTestExecutionListener, ApplicationEventsTestExecutionListener, MockitoTestExecutionListener, DependencyInjectionTestExecutionListener, DirtiesContextTestExecutionListener, TransactionalTestExecutionListener, SqlScriptsTestExecutionListener, WithSecurityContextTestExecutionListener, EventPublishingTestExecutionListener, ReactorContextTestExecutionListener, RestDocsTestExecutionListener, MockRestServiceServerResetTestExecutionListener, MockMvcPrintOnlyOnFailureTestExecutionListener, WebDriverTestExecutionListener, MockWebServiceServerTestExecutionListener, ResetMocksTestExecutionListener]
17:47:20.993 [Test worker] DEBUG org.springframework.test.context.support.AbstractDirtiesContextTestExecutionListener - Before test class: class [ApplicationTests], class annotated with @DirtiesContext [false] with mode [null]

  .   ____          _            __ _ _
 /\\ / ___'_ __ _ _(_)_ __  __ _ \ \ \ \
( ( )\___ | '_ | '_| | '_ \/ _` | \ \ \ \
 \\/  ___)| |_)| | | | | || (_| |  ) ) ) )
  '  |____| .__|_| |_|_| |_\__, | / / / /
 =========|_|==============|___/=/_/_/_/
 :: Spring Boot ::                (v3.0.4)

2023-03-28T17:47:21.132+09:00  INFO 44606 --- [    Test worker] c.i.services.mySpring.ApplicationTests   : Starting ApplicationTests using Java 17.0.2 with PID 44606 (started by jeongseung-gu in /Users/jeongseung-gu/intelliJoe/spring/2023/mySpring)
2023-03-28T17:47:21.133+09:00  INFO 44606 --- [    Test worker] c.i.services.mySpring.ApplicationTests   : The following 1 profile is active: "oauth"
2023-03-28T17:47:21.428+09:00  INFO 44606 --- [    Test worker] .s.d.r.c.RepositoryConfigurationDelegate : Bootstrapping Spring Data JPA repositories in DEFAULT mode.
2023-03-28T17:47:21.452+09:00  INFO 44606 --- [    Test worker] .s.d.r.c.RepositoryConfigurationDelegate : Finished Spring Data repository scanning in 20 ms. Found 2 JPA repository interfaces.
2023-03-28T17:47:21.482+09:00  WARN 44606 --- [    Test worker] ocalVariableTableParameterNameDiscoverer : Using deprecated '-debug' fallback for parameter name resolution. Compile the affected code with '-parameters' instead or avoid its introspection: org.springframework.session.config.annotation.web.http.SpringHttpSessionConfiguration
2023-03-28T17:47:21.649+09:00  INFO 44606 --- [    Test worker] com.zaxxer.hikari.HikariDataSource       : HikariPool-1 - Starting...
2023-03-28T17:47:21.733+09:00  INFO 44606 --- [    Test worker] com.zaxxer.hikari.pool.HikariPool        : HikariPool-1 - Added connection conn0: url=jdbc:h2:mem:testdb user=SA
2023-03-28T17:47:21.734+09:00  INFO 44606 --- [    Test worker] com.zaxxer.hikari.HikariDataSource       : HikariPool-1 - Start completed.
2023-03-28T17:47:21.797+09:00  INFO 44606 --- [    Test worker] o.hibernate.jpa.internal.util.LogHelper  : HHH000204: Processing PersistenceUnitInfo [name: default]
2023-03-28T17:47:21.825+09:00  INFO 44606 --- [    Test worker] org.hibernate.Version                    : HHH000412: Hibernate ORM core version 6.1.7.Final
2023-03-28T17:47:21.955+09:00  INFO 44606 --- [    Test worker] SQL dialect                              : HHH000400: Using dialect: org.hibernate.dialect.MySQL57Dialect
2023-03-28T17:47:21.956+09:00  WARN 44606 --- [    Test worker] org.hibernate.orm.deprecation            : HHH90000026: MySQL57Dialect has been deprecated; use org.hibernate.dialect.MySQLDialect instead
Hibernate: drop table if exists posts
Hibernate: drop table if exists tbl_user
Hibernate: create table posts (id bigint not null auto_increment, created_date datetime(6), modified_date datetime(6), author varchar(255), content TEXT not null, title varchar(500) not null, primary key (id)) engine=InnoDB
Hibernate: create table tbl_user (id bigint not null auto_increment, created_date datetime(6), modified_date datetime(6), email varchar(255) not null, name varchar(255) not null, picture varchar(255), role varchar(255) not null, primary key (id)) engine=InnoDB
2023-03-28T17:47:22.278+09:00  INFO 44606 --- [    Test worker] o.h.e.t.j.p.i.JtaPlatformInitiator       : HHH000490: Using JtaPlatform implementation: [org.hibernate.engine.transaction.jta.platform.internal.NoJtaPlatform]
2023-03-28T17:47:22.282+09:00  INFO 44606 --- [    Test worker] j.LocalContainerEntityManagerFactoryBean : Initialized JPA EntityManagerFactory for persistence unit 'default'
2023-03-28T17:47:22.552+09:00  WARN 44606 --- [    Test worker] JpaBaseConfiguration$JpaWebConfiguration : spring.jpa.open-in-view is enabled by default. Therefore, database queries may be performed during view rendering. Explicitly configure spring.jpa.open-in-view to disable this warning
2023-03-28T17:47:22.588+09:00  INFO 44606 --- [    Test worker] o.s.b.a.w.s.WelcomePageHandlerMapping    : Adding welcome page template: index
2023-03-28T17:47:22.694+09:00  INFO 44606 --- [    Test worker] o.s.s.web.DefaultSecurityFilterChain     : Will secure any request with [org.springframework.security.web.session.DisableEncodeUrlFilter@28a33dc9, org.springframework.security.web.context.request.async.WebAsyncManagerIntegrationFilter@1609ed55, org.springframework.security.web.context.SecurityContextHolderFilter@568cbf8d, org.springframework.security.web.header.HeaderWriterFilter@12ae75f1, org.springframework.security.web.authentication.logout.LogoutFilter@147ea894, org.springframework.security.oauth2.client.web.OAuth2AuthorizationRequestRedirectFilter@5aff8207, org.springframework.security.oauth2.client.web.OAuth2LoginAuthenticationFilter@6a5a99d9, org.springframework.security.web.authentication.ui.DefaultLoginPageGeneratingFilter@2f307fcc, org.springframework.security.web.authentication.ui.DefaultLogoutPageGeneratingFilter@5edd2170, org.springframework.security.web.savedrequest.RequestCacheAwareFilter@11ec699, org.springframework.security.web.servletapi.SecurityContextHolderAwareRequestFilter@6cc022ac, org.springframework.security.web.authentication.AnonymousAuthenticationFilter@327ac23, org.springframework.security.web.access.ExceptionTranslationFilter@25bd68ea, org.springframework.security.web.access.intercept.AuthorizationFilter@485a5c9]
2023-03-28T17:47:22.702+09:00  WARN 44606 --- [    Test worker] o.s.s.c.a.web.builders.WebSecurity       : You are asking Spring Security to ignore Mvc [pattern='/node_modules/**']. This is not recommended -- please use permitAll via HttpSecurity#authorizeHttpRequests instead.
2023-03-28T17:47:22.702+09:00  INFO 44606 --- [    Test worker] o.s.s.web.DefaultSecurityFilterChain     : Will not secure Mvc [pattern='/node_modules/**']
2023-03-28T17:47:22.702+09:00  WARN 44606 --- [    Test worker] o.s.s.c.a.web.builders.WebSecurity       : You are asking Spring Security to ignore org.springframework.boot.autoconfigure.security.servlet.StaticResourceRequest$StaticResourceRequestMatcher@5d1d05ff. This is not recommended -- please use permitAll via HttpSecurity#authorizeHttpRequests instead.
2023-03-28T17:47:22.702+09:00  INFO 44606 --- [    Test worker] o.s.s.web.DefaultSecurityFilterChain     : Will not secure org.springframework.boot.autoconfigure.security.servlet.StaticResourceRequest$StaticResourceRequestMatcher@5d1d05ff
2023-03-28T17:47:22.804+09:00  INFO 44606 --- [    Test worker] o.s.b.a.h2.H2ConsoleAutoConfiguration    : H2 console available at '/h2-console'. Database available at 'jdbc:h2:mem:testdb'
2023-03-28T17:47:22.895+09:00  INFO 44606 --- [    Test worker] c.i.services.mySpring.ApplicationTests   : Started ApplicationTests in 1.878 seconds (process running for 2.522)
]]></system-out>
  <system-err><![CDATA[]]></system-err>
</testsuite>
